<?xml version="1.0" encoding="UTF-8"?>
<coverage generated="1729521143350" clover="3.2.0">
  <project timestamp="1729521143351" name="All files">
    <metrics statements="21" coveredstatements="11" conditionals="6" coveredconditionals="0" methods="6" coveredmethods="1" elements="33" coveredelements="12" complexity="0" loc="21" ncloc="21" packages="1" files="1" classes="1"/>
    <file name="tarefas.js" path="/workspaces/Todolist/backend/routes/tarefas.js">
      <metrics statements="21" coveredstatements="11" conditionals="6" coveredconditionals="0" methods="6" coveredmethods="1"/>
      <line num="1" count="1" type="stmt"/>
      <line num="2" count="1" type="stmt"/>
      <line num="5" count="1" type="stmt"/>
      <line num="11" count="1" type="stmt"/>
      <line num="12" count="0" type="stmt"/>
      <line num="16" count="1" type="stmt"/>
      <line num="17" count="2" type="stmt"/>
      <line num="22" count="2" type="stmt"/>
      <line num="23" count="2" type="stmt"/>
      <line num="27" count="1" type="stmt"/>
      <line num="28" count="0" type="stmt"/>
      <line num="29" count="0" type="stmt"/>
      <line num="30" count="0" type="cond" truecount="0" falsecount="2"/>
      <line num="32" count="0" type="cond" truecount="0" falsecount="2"/>
      <line num="33" count="0" type="cond" truecount="0" falsecount="2"/>
      <line num="35" count="0" type="stmt"/>
      <line num="39" count="1" type="stmt"/>
      <line num="40" count="0" type="stmt"/>
      <line num="41" count="0" type="stmt"/>
      <line num="42" count="0" type="stmt"/>
      <line num="47" count="1" type="stmt"/>
    </file>
  </project>
</coverage>
