{"/workspaces/Todolist/backend/routes/tarefas.js": {"path":"/workspaces/Todolist/backend/routes/tarefas.js","statementMap":{"0":{"start":{"line":1,"column":16},"end":{"line":1,"column":34}},"1":{"start":{"line":2,"column":15},"end":{"line":2,"column":31}},"2":{"start":{"line":5,"column":14},"end":{"line":8,"column":1}},"3":{"start":{"line":11,"column":0},"end":{"line":13,"column":3}},"4":{"start":{"line":12,"column":4},"end":{"line":12,"column":22}},"5":{"start":{"line":16,"column":0},"end":{"line":24,"column":3}},"6":{"start":{"line":17,"column":23},"end":{"line":21,"column":5}},"7":{"start":{"line":22,"column":4},"end":{"line":22,"column":29}},"8":{"start":{"line":23,"column":4},"end":{"line":23,"column":37}},"9":{"start":{"line":27,"column":0},"end":{"line":36,"column":3}},"10":{"start":{"line":28,"column":15},"end":{"line":28,"column":38}},"11":{"start":{"line":29,"column":19},"end":{"line":29,"column":49}},"12":{"start":{"line":29,"column":37},"end":{"line":29,"column":48}},"13":{"start":{"line":30,"column":4},"end":{"line":30,"column":83}},"14":{"start":{"line":30,"column":17},"end":{"line":30,"column":83}},"15":{"start":{"line":32,"column":4},"end":{"line":32,"column":53}},"16":{"start":{"line":33,"column":4},"end":{"line":33,"column":96}},"17":{"start":{"line":35,"column":4},"end":{"line":35,"column":21}},"18":{"start":{"line":39,"column":0},"end":{"line":43,"column":3}},"19":{"start":{"line":40,"column":15},"end":{"line":40,"column":38}},"20":{"start":{"line":41,"column":4},"end":{"line":41,"column":47}},"21":{"start":{"line":41,"column":34},"end":{"line":41,"column":45}},"22":{"start":{"line":42,"column":4},"end":{"line":42,"column":57}},"23":{"start":{"line":47,"column":0},"end":{"line":47,"column":24}}},"fnMap":{"0":{"name":"(anonymous_0)","decl":{"start":{"line":11,"column":16},"end":{"line":11,"column":17}},"loc":{"start":{"line":11,"column":30},"end":{"line":13,"column":1}},"line":11},"1":{"name":"(anonymous_1)","decl":{"start":{"line":16,"column":17},"end":{"line":16,"column":18}},"loc":{"start":{"line":16,"column":31},"end":{"line":24,"column":1}},"line":16},"2":{"name":"(anonymous_2)","decl":{"start":{"line":27,"column":19},"end":{"line":27,"column":20}},"loc":{"start":{"line":27,"column":33},"end":{"line":36,"column":1}},"line":27},"3":{"name":"(anonymous_3)","decl":{"start":{"line":29,"column":32},"end":{"line":29,"column":33}},"loc":{"start":{"line":29,"column":37},"end":{"line":29,"column":48}},"line":29},"4":{"name":"(anonymous_4)","decl":{"start":{"line":39,"column":22},"end":{"line":39,"column":23}},"loc":{"start":{"line":39,"column":36},"end":{"line":43,"column":1}},"line":39},"5":{"name":"(anonymous_5)","decl":{"start":{"line":41,"column":29},"end":{"line":41,"column":30}},"loc":{"start":{"line":41,"column":34},"end":{"line":41,"column":45}},"line":41}},"branchMap":{"0":{"loc":{"start":{"line":30,"column":4},"end":{"line":30,"column":83}},"type":"if","locations":[{"start":{"line":30,"column":4},"end":{"line":30,"column":83}},{"start":{},"end":{}}],"line":30},"1":{"loc":{"start":{"line":32,"column":20},"end":{"line":32,"column":52}},"type":"binary-expr","locations":[{"start":{"line":32,"column":20},"end":{"line":32,"column":35}},{"start":{"line":32,"column":39},"end":{"line":32,"column":52}}],"line":32},"2":{"loc":{"start":{"line":33,"column":23},"end":{"line":33,"column":95}},"type":"cond-expr","locations":[{"start":{"line":33,"column":58},"end":{"line":33,"column":76}},{"start":{"line":33,"column":79},"end":{"line":33,"column":95}}],"line":33}},"s":{"0":1,"1":1,"2":1,"3":1,"4":0,"5":1,"6":2,"7":2,"8":2,"9":1,"10":0,"11":0,"12":0,"13":0,"14":0,"15":0,"16":0,"17":0,"18":1,"19":0,"20":0,"21":0,"22":0,"23":1},"f":{"0":0,"1":2,"2":0,"3":0,"4":0,"5":0},"b":{"0":[0,0],"1":[0,0],"2":[0,0]},"_coverageSchema":"1a1c01bbd47fc00a2c39e90264f33305004495a9","hash":"8a082910f427c76abd2153709a3c8b9a0c82897e"}
}
