{"/workspaces/Todolist/backend/routes/tarefas.js": {"path":"/workspaces/Todolist/backend/routes/tarefas.js","statementMap":{"0":{"start":{"line":1,"column":16},"end":{"line":1,"column":34}},"1":{"start":{"line":2,"column":15},"end":{"line":2,"column":31}},"2":{"start":{"line":5,"column":14},"end":{"line":8,"column":1}},"3":{"start":{"line":11,"column":0},"end":{"line":13,"column":3}},"4":{"start":{"line":12,"column":4},"end":{"line":12,"column":22}},"5":{"start":{"line":16,"column":0},"end":{"line":31,"column":5}},"6":{"start":{"line":17,"column":23},"end":{"line":17,"column":31}},"7":{"start":{"line":20,"column":4},"end":{"line":22,"column":5}},"8":{"start":{"line":21,"column":6},"end":{"line":21,"column":66}},"9":{"start":{"line":24,"column":23},"end":{"line":28,"column":5}},"10":{"start":{"line":29,"column":4},"end":{"line":29,"column":29}},"11":{"start":{"line":30,"column":4},"end":{"line":30,"column":37}},"12":{"start":{"line":34,"column":0},"end":{"line":43,"column":3}},"13":{"start":{"line":35,"column":15},"end":{"line":35,"column":38}},"14":{"start":{"line":36,"column":19},"end":{"line":36,"column":49}},"15":{"start":{"line":36,"column":37},"end":{"line":36,"column":48}},"16":{"start":{"line":37,"column":4},"end":{"line":37,"column":83}},"17":{"start":{"line":37,"column":17},"end":{"line":37,"column":83}},"18":{"start":{"line":39,"column":4},"end":{"line":39,"column":53}},"19":{"start":{"line":40,"column":4},"end":{"line":40,"column":96}},"20":{"start":{"line":42,"column":4},"end":{"line":42,"column":21}},"21":{"start":{"line":46,"column":0},"end":{"line":60,"column":5}},"22":{"start":{"line":47,"column":15},"end":{"line":47,"column":38}},"23":{"start":{"line":48,"column":24},"end":{"line":48,"column":59}},"24":{"start":{"line":48,"column":47},"end":{"line":48,"column":58}},"25":{"start":{"line":51,"column":4},"end":{"line":53,"column":5}},"26":{"start":{"line":52,"column":6},"end":{"line":52,"column":72}},"27":{"start":{"line":56,"column":4},"end":{"line":56,"column":35}},"28":{"start":{"line":59,"column":4},"end":{"line":59,"column":57}},"29":{"start":{"line":65,"column":0},"end":{"line":65,"column":24}}},"fnMap":{"0":{"name":"(anonymous_0)","decl":{"start":{"line":11,"column":16},"end":{"line":11,"column":17}},"loc":{"start":{"line":11,"column":30},"end":{"line":13,"column":1}},"line":11},"1":{"name":"(anonymous_1)","decl":{"start":{"line":16,"column":17},"end":{"line":16,"column":18}},"loc":{"start":{"line":16,"column":31},"end":{"line":31,"column":3}},"line":16},"2":{"name":"(anonymous_2)","decl":{"start":{"line":34,"column":19},"end":{"line":34,"column":20}},"loc":{"start":{"line":34,"column":33},"end":{"line":43,"column":1}},"line":34},"3":{"name":"(anonymous_3)","decl":{"start":{"line":36,"column":32},"end":{"line":36,"column":33}},"loc":{"start":{"line":36,"column":37},"end":{"line":36,"column":48}},"line":36},"4":{"name":"(anonymous_4)","decl":{"start":{"line":46,"column":22},"end":{"line":46,"column":23}},"loc":{"start":{"line":46,"column":36},"end":{"line":60,"column":3}},"line":46},"5":{"name":"(anonymous_5)","decl":{"start":{"line":48,"column":42},"end":{"line":48,"column":43}},"loc":{"start":{"line":48,"column":47},"end":{"line":48,"column":58}},"line":48}},"branchMap":{"0":{"loc":{"start":{"line":20,"column":4},"end":{"line":22,"column":5}},"type":"if","locations":[{"start":{"line":20,"column":4},"end":{"line":22,"column":5}},{"start":{},"end":{}}],"line":20},"1":{"loc":{"start":{"line":20,"column":8},"end":{"line":20,"column":39}},"type":"binary-expr","locations":[{"start":{"line":20,"column":8},"end":{"line":20,"column":15}},{"start":{"line":20,"column":19},"end":{"line":20,"column":39}}],"line":20},"2":{"loc":{"start":{"line":37,"column":4},"end":{"line":37,"column":83}},"type":"if","locations":[{"start":{"line":37,"column":4},"end":{"line":37,"column":83}},{"start":{},"end":{}}],"line":37},"3":{"loc":{"start":{"line":39,"column":20},"end":{"line":39,"column":52}},"type":"binary-expr","locations":[{"start":{"line":39,"column":20},"end":{"line":39,"column":35}},{"start":{"line":39,"column":39},"end":{"line":39,"column":52}}],"line":39},"4":{"loc":{"start":{"line":40,"column":23},"end":{"line":40,"column":95}},"type":"cond-expr","locations":[{"start":{"line":40,"column":58},"end":{"line":40,"column":76}},{"start":{"line":40,"column":79},"end":{"line":40,"column":95}}],"line":40},"5":{"loc":{"start":{"line":51,"column":4},"end":{"line":53,"column":5}},"type":"if","locations":[{"start":{"line":51,"column":4},"end":{"line":53,"column":5}},{"start":{},"end":{}}],"line":51}},"s":{"0":1,"1":1,"2":1,"3":1,"4":2,"5":1,"6":5,"7":5,"8":2,"9":3,"10":3,"11":3,"12":1,"13":2,"14":2,"15":8,"16":2,"17":1,"18":1,"19":1,"20":1,"21":1,"22":2,"23":2,"24":9,"25":2,"26":1,"27":1,"28":1,"29":1},"f":{"0":2,"1":5,"2":2,"3":8,"4":2,"5":9},"b":{"0":[2,3],"1":[5,3],"2":[1,1],"3":[1,1],"4":[1,0],"5":[1,1]},"_coverageSchema":"1a1c01bbd47fc00a2c39e90264f33305004495a9","hash":"fd95f6011a544b9e0df852f218314a6b0bfbec33"}
}
