TN:
SF:backend/routes/tarefas.js
FN:11,(anonymous_0)
FN:16,(anonymous_1)
FN:34,(anonymous_2)
FN:36,(anonymous_3)
FN:46,(anonymous_4)
FN:48,(anonymous_5)
FNF:6
FNH:6
FNDA:2,(anonymous_0)
FNDA:5,(anonymous_1)
FNDA:2,(anonymous_2)
FNDA:8,(anonymous_3)
FNDA:2,(anonymous_4)
FNDA:9,(anonymous_5)
DA:1,1
DA:2,1
DA:5,1
DA:11,1
DA:12,2
DA:16,1
DA:17,5
DA:20,5
DA:21,2
DA:24,3
DA:29,3
DA:30,3
DA:34,1
DA:35,2
DA:36,8
DA:37,2
DA:39,1
DA:40,1
DA:42,1
DA:46,1
DA:47,2
DA:48,9
DA:51,2
DA:52,1
DA:56,1
DA:59,1
DA:65,1
LF:27
LH:27
BRDA:20,0,0,2
BRDA:20,0,1,3
BRDA:20,1,0,5
BRDA:20,1,1,3
BRDA:37,2,0,1
BRDA:37,2,1,1
BRDA:39,3,0,1
BRDA:39,3,1,1
BRDA:40,4,0,1
BRDA:40,4,1,0
BRDA:51,5,0,1
BRDA:51,5,1,1
BRF:12
BRH:11
end_of_record
